<?xml version="1.0" encoding="UTF-8"?>
<testsuites>
  <testsuite name="BackstopJS" tests="430" failures="42" errors="42" skipped="0">
    <testcase classname=".spectrum-CSSExample-example" name=" ›› accordion-light-medium"/>
    <testcase classname=".spectrum-CSSExample-example" name=" ›› actionbar-light-medium"/>
    <testcase classname=".spectrum-CSSExample-example.__n1" name=" ›› actionbar-light-medium"/>
    <testcase classname=".spectrum-CSSExample-example.__n2" name=" ›› actionbar-light-medium"/>
    <testcase classname=".spectrum-CSSExample-example" name=" ›› actionbutton-light-medium"/>
    <testcase classname=".spectrum-CSSExample-example.__n1" name=" ›› actionbutton-light-medium"/>
    <testcase classname=".spectrum-CSSExample-example.__n2" name=" ›› actionbutton-light-medium"/>
    <testcase classname=".spectrum-CSSExample-example.__n3" name=" ›› actionbutton-light-medium"/>
    <testcase classname=".spectrum-CSSExample-example" name=" ›› actiongroup-light-medium"/>
    <testcase classname=".spectrum-CSSExample-example.__n1" name=" ›› actiongroup-light-medium"/>
    <testcase classname=".spectrum-CSSExample-example.__n2" name=" ›› actiongroup-light-medium"/>
    <testcase classname=".spectrum-CSSExample-example.__n3" name=" ›› actiongroup-light-medium"/>
    <testcase classname=".spectrum-CSSExample-example.__n4" name=" ›› actiongroup-light-medium"/>
    <testcase classname=".spectrum-CSSExample-example.__n5" name=" ›› actiongroup-light-medium"/>
    <testcase classname=".spectrum-CSSExample-example.__n6" name=" ›› actiongroup-light-medium"/>
    <testcase classname=".spectrum-CSSExample-example.__n7" name=" ›› actiongroup-light-medium"/>
    <testcase classname=".spectrum-CSSExample-example.__n8" name=" ›› actiongroup-light-medium"/>
    <testcase classname=".spectrum-CSSExample-example.__n9" name=" ›› actiongroup-light-medium"/>
    <testcase classname=".spectrum-CSSExample-example.__n10" name=" ›› actiongroup-light-medium"/>
    <testcase classname=".spectrum-CSSExample-example.__n11" name=" ›› actiongroup-light-medium"/>
    <testcase classname=".spectrum-CSSExample-example.__n12" name=" ›› actiongroup-light-medium"/>
    <testcase classname=".spectrum-CSSExample-example.__n13" name=" ›› actiongroup-light-medium"/>
    <testcase classname=".spectrum-CSSExample-example.__n14" name=" ›› actiongroup-light-medium"/>
    <testcase classname=".spectrum-CSSExample-example" name=" ›› actionmenu-light-medium"/>
    <testcase classname=".spectrum-CSSExample-example" name=" ›› alert-light-medium"/>
    <testcase classname=".spectrum-CSSExample-example.__n1" name=" ›› alert-light-medium"/>
    <testcase classname=".spectrum-CSSExample-example.__n2" name=" ›› alert-light-medium"/>
    <testcase classname=".spectrum-CSSExample-example.__n3" name=" ›› alert-light-medium"/>
    <testcase classname=".spectrum-CSSExample-example.__n4" name=" ›› alert-light-medium"/>
    <testcase classname=".spectrum-CSSExample-example.__n5" name=" ›› alert-light-medium"/>
    <testcase classname=".spectrum-CSSExample-example" name=" ›› asset-light-medium"/>
    <testcase classname=".spectrum-CSSExample-example.__n1" name=" ›› asset-light-medium"/>
    <testcase classname=".spectrum-CSSExample-example.__n2" name=" ›› asset-light-medium"/>
    <testcase classname=".spectrum-CSSExample-example" name=" ›› assetlist-light-medium"/>
    <testcase classname=".spectrum-CSSExample-example" name=" ›› avatar-light-medium"/>
    <testcase classname=".spectrum-CSSExample-example" name=" ›› banner-light-medium"/>
    <testcase classname=".spectrum-CSSExample-example.__n1" name=" ›› banner-light-medium"/>
    <testcase classname=".spectrum-CSSExample-example.__n2" name=" ›› banner-light-medium"/>
    <testcase classname=".spectrum-CSSExample-example.__n3" name=" ›› banner-light-medium"/>
    <testcase classname=".spectrum-CSSExample-example" name=" ›› barloader-light-medium"/>
    <testcase classname=".spectrum-CSSExample-example.__n1" name=" ›› barloader-light-medium"/>
    <testcase classname=".spectrum-CSSExample-example" name=" ›› breadcrumb-light-medium"/>
    <testcase classname=".spectrum-CSSExample-example.__n1" name=" ›› breadcrumb-light-medium"/>
    <testcase classname=".spectrum-CSSExample-example.__n2" name=" ›› breadcrumb-light-medium"/>
    <testcase classname=".spectrum-CSSExample-example.__n3" name=" ›› breadcrumb-light-medium"/>
    <testcase classname=".spectrum-CSSExample-example.__n4" name=" ›› breadcrumb-light-medium"/>
    <testcase classname=".spectrum-CSSExample-example.__n5" name=" ›› breadcrumb-light-medium"/>
    <testcase classname=".spectrum-CSSExample-example.__n6" name=" ›› breadcrumb-light-medium"/>
    <testcase classname=".spectrum-CSSExample-example.__n7" name=" ›› breadcrumb-light-medium"/>
    <testcase classname=".spectrum-CSSExample-example.__n8" name=" ›› breadcrumb-light-medium"/>
    <testcase classname=".spectrum-CSSExample-example.__n9" name=" ›› breadcrumb-light-medium"/>
    <testcase classname=".spectrum-CSSExample-example.__n10" name=" ›› breadcrumb-light-medium"/>
    <testcase classname=".spectrum-CSSExample-example.__n11" name=" ›› breadcrumb-light-medium"/>
    <testcase classname=".spectrum-CSSExample-example" name=" ›› button-cta-light-medium"/>
    <testcase classname=".spectrum-CSSExample-example" name=" ›› button-over-background-light-medium"/>
    <testcase classname=".spectrum-CSSExample-example.__n1" name=" ›› button-over-background-light-medium"/>
    <testcase classname=".spectrum-CSSExample-example" name=" ›› button-primary-light-medium"/>
    <testcase classname=".spectrum-CSSExample-example.__n1" name=" ›› button-primary-light-medium"/>
    <testcase classname=".spectrum-CSSExample-example" name=" ›› button-secondary-light-medium"/>
    <testcase classname=".spectrum-CSSExample-example.__n1" name=" ›› button-secondary-light-medium"/>
    <testcase classname=".spectrum-CSSExample-example" name=" ›› button-warning-light-medium"/>
    <testcase classname=".spectrum-CSSExample-example.__n1" name=" ›› button-warning-light-medium"/>
    <testcase classname=".spectrum-CSSExample-example" name=" ›› buttongroup-light-medium"/>
    <testcase classname=".spectrum-CSSExample-example.__n1" name=" ›› buttongroup-light-medium"/>
    <testcase classname=".spectrum-CSSExample-example" name=" ›› calendar-light-medium"/>
    <testcase classname=".spectrum-CSSExample-example.__n1" name=" ›› calendar-light-medium"/>
    <testcase classname=".spectrum-CSSExample-example.__n2" name=" ›› calendar-light-medium"/>
    <testcase classname=".spectrum-CSSExample-example.__n3" name=" ›› calendar-light-medium"/>
    <testcase classname=".spectrum-CSSExample-example.__n4" name=" ›› calendar-light-medium"/>
    <testcase classname=".spectrum-CSSExample-example" name=" ›› card-light-medium"/>
    <testcase classname=".spectrum-CSSExample-example.__n1" name=" ›› card-light-medium"/>
    <testcase classname=".spectrum-CSSExample-example.__n2" name=" ›› card-light-medium"/>
    <testcase classname=".spectrum-CSSExample-example.__n3" name=" ›› card-light-medium"/>
    <testcase classname=".spectrum-CSSExample-example.__n4" name=" ›› card-light-medium"/>
    <testcase classname=".spectrum-CSSExample-example.__n5" name=" ›› card-light-medium"/>
    <testcase classname=".spectrum-CSSExample-example.__n6" name=" ›› card-light-medium"/>
    <testcase classname=".spectrum-CSSExample-example.__n7" name=" ›› card-light-medium"/>
    <testcase classname=".spectrum-CSSExample-example.__n8" name=" ›› card-light-medium"/>
    <testcase classname=".spectrum-CSSExample-example" name=" ›› card-asset-light-medium"/>
    <testcase classname=".spectrum-CSSExample-example" name=" ›› card-gallery-light-medium"/>
    <testcase classname=".spectrum-CSSExample-example" name=" ›› checkbox-light-medium"/>
    <testcase classname=".spectrum-CSSExample-example.__n1" name=" ›› checkbox-light-medium"/>
    <testcase classname=".spectrum-CSSExample-example.__n2" name=" ›› checkbox-light-medium"/>
    <testcase classname=".spectrum-CSSExample-example.__n3" name=" ›› checkbox-light-medium"/>
    <testcase classname=".spectrum-CSSExample-example" name=" ›› clearbutton-light-medium"/>
    <testcase classname=".spectrum-CSSExample-example.__n1" name=" ›› clearbutton-light-medium"/>
    <testcase classname=".spectrum-CSSExample-example" name=" ›› colorarea-light-medium"/>
    <testcase classname=".spectrum-CSSExample-example.__n1" name=" ›› colorarea-light-medium"/>
    <testcase classname=".spectrum-CSSExample-example.__n2" name=" ›› colorarea-light-medium"/>
    <testcase classname=".spectrum-CSSExample-example.__n3" name=" ›› colorarea-light-medium"/>
    <testcase classname=".spectrum-CSSExample-example" name=" ›› colorhandle-light-medium"/>
    <testcase classname=".spectrum-CSSExample-example.__n1" name=" ›› colorhandle-light-medium"/>
    <testcase classname=".spectrum-CSSExample-example.__n2" name=" ›› colorhandle-light-medium"/>
    <testcase classname=".spectrum-CSSExample-example" name=" ›› colorloupe-light-medium"/>
    <testcase classname=".spectrum-CSSExample-example" name=" ›› colorslider-light-medium"/>
    <testcase classname=".spectrum-CSSExample-example.__n1" name=" ›› colorslider-light-medium"/>
    <testcase classname=".spectrum-CSSExample-example.__n2" name=" ›› colorslider-light-medium"/>
    <testcase classname=".spectrum-CSSExample-example.__n3" name=" ›› colorslider-light-medium"/>
    <testcase classname=".spectrum-CSSExample-example.__n4" name=" ›› colorslider-light-medium"/>
    <testcase classname=".spectrum-CSSExample-example.__n5" name=" ›› colorslider-light-medium"/>
    <testcase classname=".spectrum-CSSExample-example" name=" ›› colorwheel-light-medium"/>
    <testcase classname=".spectrum-CSSExample-example.__n1" name=" ›› colorwheel-light-medium"/>
    <testcase classname=".spectrum-CSSExample-example.__n2" name=" ›› colorwheel-light-medium"/>
    <testcase classname=".spectrum-CSSExample-example" name=" ›› combobox-light-medium"/>
    <testcase classname=".spectrum-CSSExample-example.__n1" name=" ›› combobox-light-medium"/>
    <testcase classname=".spectrum-CSSExample-example" name=" ›› cyclebutton-light-medium"/>
    <testcase classname=".spectrum-CSSExample-example" name=" ›› datepicker-light-medium"/>
    <testcase classname=".spectrum-CSSExample-example.__n1" name=" ›› datepicker-light-medium"/>
    <testcase classname=".spectrum-CSSExample-example.__n2" name=" ›› datepicker-light-medium"/>
    <testcase classname=".spectrum-CSSExample-example.__n3" name=" ›› datepicker-light-medium"/>
    <testcase classname=".spectrum-CSSExample-example" name=" ›› decoratedtextfield-light-medium"/>
    <testcase classname=".spectrum-CSSExample-example" name=" ›› dial-light-medium"/>
    <testcase classname=".spectrum-CSSExample-example.__n1" name=" ›› dial-light-medium"/>
    <testcase classname=".spectrum-CSSExample-example" name=" ›› dialog-light-medium"/>
    <testcase classname=".spectrum-CSSExample-example.__n1" name=" ›› dialog-light-medium"/>
    <testcase classname=".spectrum-CSSExample-example.__n2" name=" ›› dialog-light-medium"/>
    <testcase classname=".spectrum-CSSExample-example.__n3" name=" ›› dialog-light-medium"/>
    <testcase classname=".spectrum-CSSExample-example.__n4" name=" ›› dialog-light-medium"/>
    <testcase classname=".spectrum-CSSExample-example.__n5" name=" ›› dialog-light-medium"/>
    <testcase classname=".spectrum-CSSExample-example.__n6" name=" ›› dialog-light-medium"/>
    <testcase classname=".spectrum-CSSExample-example.__n7" name=" ›› dialog-light-medium"/>
    <testcase classname=".spectrum-CSSExample-example.__n8" name=" ›› dialog-light-medium"/>
    <testcase classname=".spectrum-CSSExample-example.__n9" name=" ›› dialog-light-medium"/>
    <testcase classname=".spectrum-CSSExample-example.__n10" name=" ›› dialog-light-medium"/>
    <testcase classname=".spectrum-CSSExample-example.__n11" name=" ›› dialog-light-medium"/>
    <testcase classname=".spectrum-CSSExample-example.__n12" name=" ›› dialog-light-medium"/>
    <testcase classname=".spectrum-CSSExample-example.__n13" name=" ›› dialog-light-medium"/>
    <testcase classname=".spectrum-CSSExample-example.__n14" name=" ›› dialog-light-medium"/>
    <testcase classname=".spectrum-CSSExample-example.__n15" name=" ›› dialog-light-medium"/>
    <testcase classname=".spectrum-CSSExample-example" name=" ›› dropdown-light-medium"/>
    <testcase classname=".spectrum-CSSExample-example.__n1" name=" ›› dropdown-light-medium"/>
    <testcase classname=".spectrum-CSSExample-example" name=" ›› dropindicator-light-medium"/>
    <testcase classname=".spectrum-CSSExample-example" name=" ›› dropzone-light-medium"/>
    <testcase classname=".spectrum-CSSExample-example.__n1" name=" ›› dropzone-light-medium"/>
    <testcase classname=".spectrum-CSSExample-example" name=" ›› fieldgroup-light-medium"/>
    <testcase classname=".spectrum-CSSExample-example.__n1" name=" ›› fieldgroup-light-medium"/>
    <testcase classname=".spectrum-CSSExample-example.__n2" name=" ›› fieldgroup-light-medium"/>
    <testcase classname=".spectrum-CSSExample-example" name=" ›› fieldlabel-light-medium"/>
    <testcase classname=".spectrum-CSSExample-example.__n1" name=" ›› fieldlabel-light-medium"/>
    <testcase classname=".spectrum-CSSExample-example.__n2" name=" ›› fieldlabel-light-medium"/>
    <testcase classname=".spectrum-CSSExample-example.__n3" name=" ›› fieldlabel-light-medium"/>
    <testcase classname=".spectrum-CSSExample-example" name=" ›› form-light-medium"/>
    <testcase classname=".spectrum-CSSExample-example.__n1" name=" ›› form-light-medium"/>
    <testcase classname=".spectrum-CSSExample-example.__n2" name=" ›› form-light-medium"/>
    <testcase classname=".spectrum-CSSExample-example" name=" ›› illustratedmessage-light-medium"/>
    <testcase classname=".spectrum-CSSExample-example.__n1" name=" ›› illustratedmessage-light-medium"/>
    <testcase classname=".spectrum-CSSExample-example" name=" ›› label-light-medium"/>
    <testcase classname=".spectrum-CSSExample-example.__n1" name=" ›› label-light-medium"/>
    <testcase classname=".spectrum-CSSExample-example.__n2" name=" ›› label-light-medium"/>
    <testcase classname=".spectrum-CSSExample-example.__n3" name=" ›› label-light-medium"/>
    <testcase classname=".spectrum-CSSExample-example" name=" ›› link-light-medium"/>
    <testcase classname=".spectrum-CSSExample-example.__n1" name=" ›› link-light-medium"/>
    <testcase classname=".spectrum-CSSExample-example.__n2" name=" ›› link-light-medium"/>
    <testcase classname=".spectrum-CSSExample-example.__n3" name=" ›› link-light-medium"/>
    <testcase classname=".spectrum-CSSExample-example.__n4" name=" ›› link-light-medium"/>
    <testcase classname=".spectrum-CSSExample-example.__n5" name=" ›› link-light-medium"/>
    <testcase classname=".spectrum-CSSExample-example" name=" ›› logicbutton-light-medium"/>
    <testcase classname=".spectrum-CSSExample-example.__n1" name=" ›› logicbutton-light-medium"/>
    <testcase classname=".spectrum-CSSExample-example" name=" ›› menu-light-medium"/>
    <testcase classname=".spectrum-CSSExample-example.__n1" name=" ›› menu-light-medium"/>
    <testcase classname=".spectrum-CSSExample-example" name=" ›› meter-light-medium"/>
    <testcase classname=".spectrum-CSSExample-example" name=" ›› miller-light-medium"/>
    <testcase classname=".spectrum-CSSExample-example.__n1" name=" ›› miller-light-medium"/>
    <testcase classname=".spectrum-CSSExample-example" name=" ›› page-light-medium"/>
    <testcase classname=".spectrum-CSSExample-example" name=" ›› pagination-button-style-light-medium"/>
    <testcase classname=".spectrum-CSSExample-example.__n1" name=" ›› pagination-button-style-light-medium"/>
    <testcase classname=".spectrum-CSSExample-example.__n2" name=" ›› pagination-button-style-light-medium"/>
    <testcase classname=".spectrum-CSSExample-example" name=" ›› pagination-explicit-light-medium"/>
    <testcase classname=".spectrum-CSSExample-example" name=" ›› pagination-listing-light-medium"/>
    <testcase classname=".spectrum-CSSExample-example" name=" ›› popover-light-medium"/>
    <testcase classname=".spectrum-CSSExample-example.__n1" name=" ›› popover-light-medium"/>
    <testcase classname=".spectrum-CSSExample-example" name=" ›› quickaction-light-medium"/>
    <testcase classname=".spectrum-CSSExample-example" name=" ›› radio-light-medium"/>
    <testcase classname=".spectrum-CSSExample-example.__n1" name=" ›› radio-light-medium"/>
    <testcase classname=".spectrum-CSSExample-example" name=" ›› rating-light-medium"/>
    <testcase classname=".spectrum-CSSExample-example.__n1" name=" ›› rating-light-medium"/>
    <testcase classname=".spectrum-CSSExample-example.__n2" name=" ›› rating-light-medium"/>
    <testcase classname=".spectrum-CSSExample-example.__n3" name=" ›› rating-light-medium"/>
    <testcase classname=".spectrum-CSSExample-example.__n4" name=" ›› rating-light-medium"/>
    <testcase classname=".spectrum-CSSExample-example.__n5" name=" ›› rating-light-medium"/>
    <testcase classname=".spectrum-CSSExample-example.__n6" name=" ›› rating-light-medium"/>
    <testcase classname=".spectrum-CSSExample-example" name=" ›› rule-light-medium">
      <failure message="Design deviation ›› rule-light-medium (.spectrum-CSSExample-example) component"/>
      <error message="Design deviation ›› rule-light-medium (.spectrum-CSSExample-example) component"/>
    </testcase>
    <testcase classname=".spectrum-CSSExample-example" name=" ›› search-light-medium"/>
    <testcase classname=".spectrum-CSSExample-example.__n1" name=" ›› search-light-medium"/>
    <testcase classname=".spectrum-CSSExample-example" name=" ›› searchwithin-light-medium"/>
    <testcase classname=".spectrum-CSSExample-example" name=" ›› sidenav-light-medium"/>
    <testcase classname=".spectrum-CSSExample-example.__n1" name=" ›› sidenav-light-medium"/>
    <testcase classname=".spectrum-CSSExample-example.__n2" name=" ›› sidenav-light-medium"/>
    <testcase classname=".spectrum-CSSExample-example.__n3" name=" ›› sidenav-light-medium"/>
    <testcase classname=".spectrum-CSSExample-example" name=" ›› slider-light-medium"/>
    <testcase classname=".spectrum-CSSExample-example.__n1" name=" ›› slider-light-medium"/>
    <testcase classname=".spectrum-CSSExample-example.__n2" name=" ›› slider-light-medium"/>
    <testcase classname=".spectrum-CSSExample-example.__n3" name=" ›› slider-light-medium"/>
    <testcase classname=".spectrum-CSSExample-example.__n4" name=" ›› slider-light-medium"/>
    <testcase classname=".spectrum-CSSExample-example.__n5" name=" ›› slider-light-medium"/>
    <testcase classname=".spectrum-CSSExample-example.__n6" name=" ›› slider-light-medium"/>
    <testcase classname=".spectrum-CSSExample-example.__n7" name=" ›› slider-light-medium"/>
    <testcase classname=".spectrum-CSSExample-example.__n8" name=" ›› slider-light-medium"/>
    <testcase classname=".spectrum-CSSExample-example.__n9" name=" ›› slider-light-medium"/>
    <testcase classname=".spectrum-CSSExample-example" name=" ›› splitbutton-light-medium"/>
    <testcase classname=".spectrum-CSSExample-example.__n1" name=" ›› splitbutton-light-medium"/>
    <testcase classname=".spectrum-CSSExample-example.__n2" name=" ›› splitbutton-light-medium"/>
    <testcase classname=".spectrum-CSSExample-example" name=" ›› splitview-light-medium"/>
    <testcase classname=".spectrum-CSSExample-example.__n1" name=" ›› splitview-light-medium"/>
    <testcase classname=".spectrum-CSSExample-example.__n2" name=" ›› splitview-light-medium"/>
    <testcase classname=".spectrum-CSSExample-example.__n3" name=" ›› splitview-light-medium"/>
    <testcase classname=".spectrum-CSSExample-example.__n4" name=" ›› splitview-light-medium"/>
    <testcase classname=".spectrum-CSSExample-example.__n5" name=" ›› splitview-light-medium"/>
    <testcase classname=".spectrum-CSSExample-example.__n6" name=" ›› splitview-light-medium"/>
    <testcase classname=".spectrum-CSSExample-example" name=" ›› statuslight-light-medium"/>
    <testcase classname=".spectrum-CSSExample-example.__n1" name=" ›› statuslight-light-medium"/>
    <testcase classname=".spectrum-CSSExample-example.__n2" name=" ›› statuslight-light-medium"/>
    <testcase classname=".spectrum-CSSExample-example.__n3" name=" ›› statuslight-light-medium"/>
    <testcase classname=".spectrum-CSSExample-example.__n4" name=" ›› statuslight-light-medium"/>
    <testcase classname=".spectrum-CSSExample-example.__n5" name=" ›› statuslight-light-medium"/>
    <testcase classname=".spectrum-CSSExample-example.__n6" name=" ›› statuslight-light-medium"/>
    <testcase classname=".spectrum-CSSExample-example.__n7" name=" ›› statuslight-light-medium"/>
    <testcase classname=".spectrum-CSSExample-example" name=" ›› steplist-light-medium"/>
    <testcase classname=".spectrum-CSSExample-example.__n1" name=" ›› steplist-light-medium"/>
    <testcase classname=".spectrum-CSSExample-example.__n2" name=" ›› steplist-light-medium"/>
    <testcase classname=".spectrum-CSSExample-example.__n3" name=" ›› steplist-light-medium"/>
    <testcase classname=".spectrum-CSSExample-example.__n4" name=" ›› steplist-light-medium"/>
    <testcase classname=".spectrum-CSSExample-example.__n5" name=" ›› steplist-light-medium"/>
    <testcase classname=".spectrum-CSSExample-example" name=" ›› stepper-light-medium"/>
    <testcase classname=".spectrum-CSSExample-example.__n1" name=" ›› stepper-light-medium"/>
    <testcase classname=".spectrum-CSSExample-example.__n2" name=" ›› stepper-light-medium"/>
    <testcase classname=".spectrum-CSSExample-example.__n3" name=" ›› stepper-light-medium"/>
    <testcase classname=".spectrum-CSSExample-example.__n4" name=" ›› stepper-light-medium"/>
    <testcase classname=".spectrum-CSSExample-example.__n5" name=" ›› stepper-light-medium"/>
    <testcase classname=".spectrum-CSSExample-example.__n6" name=" ›› stepper-light-medium"/>
    <testcase classname=".spectrum-CSSExample-example.__n7" name=" ›› stepper-light-medium"/>
    <testcase classname=".spectrum-CSSExample-example.__n8" name=" ›› stepper-light-medium"/>
    <testcase classname=".spectrum-CSSExample-example.__n9" name=" ›› stepper-light-medium"/>
    <testcase classname=".spectrum-CSSExample-example.__n10" name=" ›› stepper-light-medium"/>
    <testcase classname=".spectrum-CSSExample-example.__n11" name=" ›› stepper-light-medium"/>
    <testcase classname=".spectrum-CSSExample-example.__n12" name=" ›› stepper-light-medium"/>
    <testcase classname=".spectrum-CSSExample-example.__n13" name=" ›› stepper-light-medium"/>
    <testcase classname=".spectrum-CSSExample-example" name=" ›› table-light-medium"/>
    <testcase classname=".spectrum-CSSExample-example.__n1" name=" ›› table-light-medium"/>
    <testcase classname=".spectrum-CSSExample-example.__n2" name=" ›› table-light-medium"/>
    <testcase classname=".spectrum-CSSExample-example.__n3" name=" ›› table-light-medium"/>
    <testcase classname=".spectrum-CSSExample-example.__n4" name=" ›› table-light-medium"/>
    <testcase classname=".spectrum-CSSExample-example.__n5" name=" ›› table-light-medium"/>
    <testcase classname=".spectrum-CSSExample-example.__n6" name=" ›› table-light-medium"/>
    <testcase classname=".spectrum-CSSExample-example.__n7" name=" ›› table-light-medium"/>
    <testcase classname=".spectrum-CSSExample-example.__n8" name=" ›› table-light-medium"/>
    <testcase classname=".spectrum-CSSExample-example.__n9" name=" ›› table-light-medium"/>
    <testcase classname=".spectrum-CSSExample-example.__n10" name=" ›› table-light-medium"/>
    <testcase classname=".spectrum-CSSExample-example" name=" ›› tabs-light-medium"/>
    <testcase classname=".spectrum-CSSExample-example.__n1" name=" ›› tabs-light-medium"/>
    <testcase classname=".spectrum-CSSExample-example.__n2" name=" ›› tabs-light-medium"/>
    <testcase classname=".spectrum-CSSExample-example.__n3" name=" ›› tabs-light-medium"/>
    <testcase classname=".spectrum-CSSExample-example.__n4" name=" ›› tabs-light-medium"/>
    <testcase classname=".spectrum-CSSExample-example.__n5" name=" ›› tabs-light-medium"/>
    <testcase classname=".spectrum-CSSExample-example.__n6" name=" ›› tabs-light-medium"/>
    <testcase classname=".spectrum-CSSExample-example.__n7" name=" ›› tabs-light-medium"/>
    <testcase classname=".spectrum-CSSExample-example.__n8" name=" ›› tabs-light-medium"/>
    <testcase classname=".spectrum-CSSExample-example.__n9" name=" ›› tabs-light-medium"/>
    <testcase classname=".spectrum-CSSExample-example.__n10" name=" ›› tabs-light-medium"/>
    <testcase classname=".spectrum-CSSExample-example.__n11" name=" ›› tabs-light-medium"/>
    <testcase classname=".spectrum-CSSExample-example.__n12" name=" ›› tabs-light-medium"/>
    <testcase classname=".spectrum-CSSExample-example.__n13" name=" ›› tabs-light-medium"/>
    <testcase classname=".spectrum-CSSExample-example.__n14" name=" ›› tabs-light-medium"/>
    <testcase classname=".spectrum-CSSExample-example.__n15" name=" ›› tabs-light-medium"/>
    <testcase classname=".spectrum-CSSExample-example.__n16" name=" ›› tabs-light-medium"/>
    <testcase classname=".spectrum-CSSExample-example" name=" ›› tags-light-medium"/>
    <testcase classname=".spectrum-CSSExample-example.__n1" name=" ›› tags-light-medium"/>
    <testcase classname=".spectrum-CSSExample-example" name=" ›› textarea-light-medium"/>
    <testcase classname=".spectrum-CSSExample-example.__n1" name=" ›› textarea-light-medium"/>
    <testcase classname=".spectrum-CSSExample-example.__n2" name=" ›› textarea-light-medium"/>
    <testcase classname=".spectrum-CSSExample-example.__n3" name=" ›› textarea-light-medium"/>
    <testcase classname=".spectrum-CSSExample-example.__n4" name=" ›› textarea-light-medium"/>
    <testcase classname=".spectrum-CSSExample-example.__n5" name=" ›› textarea-light-medium"/>
    <testcase classname=".spectrum-CSSExample-example.__n6" name=" ›› textarea-light-medium"/>
    <testcase classname=".spectrum-CSSExample-example.__n7" name=" ›› textarea-light-medium"/>
    <testcase classname=".spectrum-CSSExample-example.__n8" name=" ›› textarea-light-medium"/>
    <testcase classname=".spectrum-CSSExample-example.__n9" name=" ›› textarea-light-medium"/>
    <testcase classname=".spectrum-CSSExample-example.__n10" name=" ›› textarea-light-medium"/>
    <testcase classname=".spectrum-CSSExample-example.__n11" name=" ›› textarea-light-medium"/>
    <testcase classname=".spectrum-CSSExample-example.__n12" name=" ›› textarea-light-medium"/>
    <testcase classname=".spectrum-CSSExample-example.__n13" name=" ›› textarea-light-medium"/>
    <testcase classname=".spectrum-CSSExample-example.__n14" name=" ›› textarea-light-medium"/>
    <testcase classname=".spectrum-CSSExample-example.__n15" name=" ›› textarea-light-medium"/>
    <testcase classname=".spectrum-CSSExample-example.__n16" name=" ›› textarea-light-medium"/>
    <testcase classname=".spectrum-CSSExample-example.__n17" name=" ›› textarea-light-medium"/>
    <testcase classname=".spectrum-CSSExample-example.__n18" name=" ›› textarea-light-medium"/>
    <testcase classname=".spectrum-CSSExample-example.__n19" name=" ›› textarea-light-medium"/>
    <testcase classname=".spectrum-CSSExample-example" name=" ›› textfield-light-medium"/>
    <testcase classname=".spectrum-CSSExample-example.__n1" name=" ›› textfield-light-medium"/>
    <testcase classname=".spectrum-CSSExample-example.__n2" name=" ›› textfield-light-medium"/>
    <testcase classname=".spectrum-CSSExample-example.__n3" name=" ›› textfield-light-medium"/>
    <testcase classname=".spectrum-CSSExample-example.__n4" name=" ›› textfield-light-medium"/>
    <testcase classname=".spectrum-CSSExample-example.__n5" name=" ›› textfield-light-medium"/>
    <testcase classname=".spectrum-CSSExample-example.__n6" name=" ›› textfield-light-medium"/>
    <testcase classname=".spectrum-CSSExample-example.__n7" name=" ›› textfield-light-medium"/>
    <testcase classname=".spectrum-CSSExample-example.__n8" name=" ›› textfield-light-medium"/>
    <testcase classname=".spectrum-CSSExample-example.__n9" name=" ›› textfield-light-medium"/>
    <testcase classname=".spectrum-CSSExample-example.__n10" name=" ›› textfield-light-medium"/>
    <testcase classname=".spectrum-CSSExample-example.__n11" name=" ›› textfield-light-medium"/>
    <testcase classname=".spectrum-CSSExample-example.__n12" name=" ›› textfield-light-medium"/>
    <testcase classname=".spectrum-CSSExample-example.__n13" name=" ›› textfield-light-medium"/>
    <testcase classname=".spectrum-CSSExample-example.__n14" name=" ›› textfield-light-medium"/>
    <testcase classname=".spectrum-CSSExample-example.__n15" name=" ›› textfield-light-medium"/>
    <testcase classname=".spectrum-CSSExample-example.__n16" name=" ›› textfield-light-medium"/>
    <testcase classname=".spectrum-CSSExample-example.__n17" name=" ›› textfield-light-medium"/>
    <testcase classname=".spectrum-CSSExample-example.__n18" name=" ›› textfield-light-medium"/>
    <testcase classname=".spectrum-CSSExample-example.__n19" name=" ›› textfield-light-medium"/>
    <testcase classname=".spectrum-CSSExample-example" name=" ›› thumbnail-light-medium"/>
    <testcase classname=".spectrum-CSSExample-example.__n1" name=" ›› thumbnail-light-medium"/>
    <testcase classname=".spectrum-CSSExample-example.__n2" name=" ›› thumbnail-light-medium"/>
    <testcase classname=".spectrum-CSSExample-example.__n3" name=" ›› thumbnail-light-medium"/>
    <testcase classname=".spectrum-CSSExample-example.__n4" name=" ›› thumbnail-light-medium"/>
    <testcase classname=".spectrum-CSSExample-example.__n5" name=" ›› thumbnail-light-medium"/>
    <testcase classname=".spectrum-CSSExample-example.__n6" name=" ›› thumbnail-light-medium"/>
    <testcase classname=".spectrum-CSSExample-example.__n7" name=" ›› thumbnail-light-medium"/>
    <testcase classname=".spectrum-CSSExample-example.__n8" name=" ›› thumbnail-light-medium"/>
    <testcase classname=".spectrum-CSSExample-example.__n9" name=" ›› thumbnail-light-medium"/>
    <testcase classname=".spectrum-CSSExample-example.__n10" name=" ›› thumbnail-light-medium"/>
    <testcase classname=".spectrum-CSSExample-example.__n11" name=" ›› thumbnail-light-medium"/>
    <testcase classname=".spectrum-CSSExample-example.__n12" name=" ›› thumbnail-light-medium"/>
    <testcase classname=".spectrum-CSSExample-example" name=" ›› toast-light-medium"/>
    <testcase classname=".spectrum-CSSExample-example.__n1" name=" ›› toast-light-medium"/>
    <testcase classname=".spectrum-CSSExample-example.__n2" name=" ›› toast-light-medium"/>
    <testcase classname=".spectrum-CSSExample-example.__n3" name=" ›› toast-light-medium"/>
    <testcase classname=".spectrum-CSSExample-example.__n4" name=" ›› toast-light-medium"/>
    <testcase classname=".spectrum-CSSExample-example.__n5" name=" ›› toast-light-medium"/>
    <testcase classname=".spectrum-CSSExample-example.__n6" name=" ›› toast-light-medium"/>
    <testcase classname=".spectrum-CSSExample-example.__n7" name=" ›› toast-light-medium"/>
    <testcase classname=".spectrum-CSSExample-example.__n8" name=" ›› toast-light-medium"/>
    <testcase classname=".spectrum-CSSExample-example" name=" ›› toggle-light-medium"/>
    <testcase classname=".spectrum-CSSExample-example.__n1" name=" ›› toggle-light-medium"/>
    <testcase classname=".spectrum-CSSExample-example.__n2" name=" ›› toggle-light-medium"/>
    <testcase classname=".spectrum-CSSExample-example" name=" ›› tool-light-medium"/>
    <testcase classname=".spectrum-CSSExample-example" name=" ›› tooltip-light-medium"/>
    <testcase classname=".spectrum-CSSExample-example.__n1" name=" ›› tooltip-light-medium"/>
    <testcase classname=".spectrum-CSSExample-example.__n2" name=" ›› tooltip-light-medium"/>
    <testcase classname=".spectrum-CSSExample-example.__n3" name=" ›› tooltip-light-medium"/>
    <testcase classname=".spectrum-CSSExample-example.__n4" name=" ›› tooltip-light-medium"/>
    <testcase classname=".spectrum-CSSExample-example.__n5" name=" ›› tooltip-light-medium"/>
    <testcase classname=".spectrum-CSSExample-example.__n6" name=" ›› tooltip-light-medium"/>
    <testcase classname=".spectrum-CSSExample-example.__n7" name=" ›› tooltip-light-medium"/>
    <testcase classname=".spectrum-CSSExample-example.__n8" name=" ›› tooltip-light-medium"/>
    <testcase classname=".spectrum-CSSExample-example" name=" ›› treeview-light-medium"/>
    <testcase classname=".spectrum-CSSExample-example.__n1" name=" ›› treeview-light-medium"/>
    <testcase classname=".spectrum-CSSExample-example.__n2" name=" ›› treeview-light-medium"/>
    <testcase classname=".spectrum-CSSExample-example.__n3" name=" ›› treeview-light-medium"/>
    <testcase classname=".spectrum-CSSExample-example.__n4" name=" ›› treeview-light-medium"/>
    <testcase classname=".spectrum-CSSExample-example.__n5" name=" ›› treeview-light-medium"/>
    <testcase classname=".spectrum-CSSExample-example.__n6" name=" ›› treeview-light-medium"/>
    <testcase classname=".spectrum-CSSExample-example.__n7" name=" ›› treeview-light-medium"/>
    <testcase classname=".spectrum-CSSExample-example.__n8" name=" ›› treeview-light-medium"/>
    <testcase classname=".spectrum-CSSExample-example.__n9" name=" ›› treeview-light-medium"/>
    <testcase classname=".spectrum-CSSExample-example.__n10" name=" ›› treeview-light-medium"/>
    <testcase classname=".spectrum-CSSExample-example.__n11" name=" ›› treeview-light-medium"/>
    <testcase classname=".spectrum-CSSExample-example.__n12" name=" ›› treeview-light-medium"/>
    <testcase classname=".spectrum-CSSExample-example" name=" ›› truncation-light-medium">
      <failure message="Design deviation ›› truncation-light-medium (.spectrum-CSSExample-example) component"/>
      <error message="Design deviation ›› truncation-light-medium (.spectrum-CSSExample-example) component"/>
    </testcase>
    <testcase classname=".spectrum-CSSExample-example.__n1" name=" ›› truncation-light-medium">
      <failure message="Design deviation ›› truncation-light-medium (.spectrum-CSSExample-example.__n1) component"/>
      <error message="Design deviation ›› truncation-light-medium (.spectrum-CSSExample-example.__n1) component"/>
    </testcase>
    <testcase classname=".spectrum-CSSExample-example.__n2" name=" ›› truncation-light-medium">
      <failure message="Design deviation ›› truncation-light-medium (.spectrum-CSSExample-example.__n2) component"/>
      <error message="Design deviation ›› truncation-light-medium (.spectrum-CSSExample-example.__n2) component"/>
    </testcase>
    <testcase classname=".spectrum-CSSExample-example.__n3" name=" ›› truncation-light-medium">
      <failure message="Design deviation ›› truncation-light-medium (.spectrum-CSSExample-example.__n3) component"/>
      <error message="Design deviation ›› truncation-light-medium (.spectrum-CSSExample-example.__n3) component"/>
    </testcase>
    <testcase classname=".spectrum-CSSExample-example.__n4" name=" ›› truncation-light-medium">
      <failure message="Design deviation ›› truncation-light-medium (.spectrum-CSSExample-example.__n4) component"/>
      <error message="Design deviation ›› truncation-light-medium (.spectrum-CSSExample-example.__n4) component"/>
    </testcase>
    <testcase classname=".spectrum-CSSExample-example.__n5" name=" ›› truncation-light-medium">
      <failure message="Design deviation ›› truncation-light-medium (.spectrum-CSSExample-example.__n5) component"/>
      <error message="Design deviation ›› truncation-light-medium (.spectrum-CSSExample-example.__n5) component"/>
    </testcase>
    <testcase classname=".spectrum-CSSExample-example.__n6" name=" ›› truncation-light-medium">
      <failure message="Design deviation ›› truncation-light-medium (.spectrum-CSSExample-example.__n6) component"/>
      <error message="Design deviation ›› truncation-light-medium (.spectrum-CSSExample-example.__n6) component"/>
    </testcase>
    <testcase classname=".spectrum-CSSExample-example.__n7" name=" ›› truncation-light-medium">
      <failure message="Design deviation ›› truncation-light-medium (.spectrum-CSSExample-example.__n7) component"/>
      <error message="Design deviation ›› truncation-light-medium (.spectrum-CSSExample-example.__n7) component"/>
    </testcase>
    <testcase classname=".spectrum-CSSExample-example.__n8" name=" ›› truncation-light-medium">
      <failure message="Design deviation ›› truncation-light-medium (.spectrum-CSSExample-example.__n8) component"/>
      <error message="Design deviation ›› truncation-light-medium (.spectrum-CSSExample-example.__n8) component"/>
    </testcase>
    <testcase classname=".spectrum-CSSExample-example.__n9" name=" ›› truncation-light-medium">
      <failure message="Design deviation ›› truncation-light-medium (.spectrum-CSSExample-example.__n9) component"/>
      <error message="Design deviation ›› truncation-light-medium (.spectrum-CSSExample-example.__n9) component"/>
    </testcase>
    <testcase classname=".spectrum-CSSExample-example" name=" ›› typography-light-medium"/>
    <testcase classname=".spectrum-CSSExample-example.__n1" name=" ›› typography-light-medium"/>
    <testcase classname=".spectrum-CSSExample-example.__n2" name=" ›› typography-light-medium"/>
    <testcase classname=".spectrum-CSSExample-example.__n3" name=" ›› typography-light-medium"/>
    <testcase classname=".spectrum-CSSExample-example.__n4" name=" ›› typography-light-medium"/>
    <testcase classname=".spectrum-CSSExample-example" name=" ›› typography-body-light-medium"/>
    <testcase classname=".spectrum-CSSExample-example.__n1" name=" ›› typography-body-light-medium"/>
    <testcase classname=".spectrum-CSSExample-example" name=" ›› typography-code-light-medium"/>
    <testcase classname=".spectrum-CSSExample-example" name=" ›› typography-deprecated-light-medium">
      <failure message="Design deviation ›› typography-deprecated-light-medium (.spectrum-CSSExample-example) component"/>
      <error message="Design deviation ›› typography-deprecated-light-medium (.spectrum-CSSExample-example) component"/>
    </testcase>
    <testcase classname=".spectrum-CSSExample-example.__n1" name=" ›› typography-deprecated-light-medium">
      <failure message="Design deviation ›› typography-deprecated-light-medium (.spectrum-CSSExample-example.__n1) component"/>
      <error message="Design deviation ›› typography-deprecated-light-medium (.spectrum-CSSExample-example.__n1) component"/>
    </testcase>
    <testcase classname=".spectrum-CSSExample-example.__n2" name=" ›› typography-deprecated-light-medium">
      <failure message="Design deviation ›› typography-deprecated-light-medium (.spectrum-CSSExample-example.__n2) component"/>
      <error message="Design deviation ›› typography-deprecated-light-medium (.spectrum-CSSExample-example.__n2) component"/>
    </testcase>
    <testcase classname=".spectrum-CSSExample-example.__n3" name=" ›› typography-deprecated-light-medium">
      <failure message="Design deviation ›› typography-deprecated-light-medium (.spectrum-CSSExample-example.__n3) component"/>
      <error message="Design deviation ›› typography-deprecated-light-medium (.spectrum-CSSExample-example.__n3) component"/>
    </testcase>
    <testcase classname=".spectrum-CSSExample-example.__n4" name=" ›› typography-deprecated-light-medium">
      <failure message="Design deviation ›› typography-deprecated-light-medium (.spectrum-CSSExample-example.__n4) component"/>
      <error message="Design deviation ›› typography-deprecated-light-medium (.spectrum-CSSExample-example.__n4) component"/>
    </testcase>
    <testcase classname=".spectrum-CSSExample-example.__n5" name=" ›› typography-deprecated-light-medium">
      <failure message="Design deviation ›› typography-deprecated-light-medium (.spectrum-CSSExample-example.__n5) component"/>
      <error message="Design deviation ›› typography-deprecated-light-medium (.spectrum-CSSExample-example.__n5) component"/>
    </testcase>
    <testcase classname=".spectrum-CSSExample-example.__n6" name=" ›› typography-deprecated-light-medium">
      <failure message="Design deviation ›› typography-deprecated-light-medium (.spectrum-CSSExample-example.__n6) component"/>
      <error message="Design deviation ›› typography-deprecated-light-medium (.spectrum-CSSExample-example.__n6) component"/>
    </testcase>
    <testcase classname=".spectrum-CSSExample-example.__n7" name=" ›› typography-deprecated-light-medium">
      <failure message="Design deviation ›› typography-deprecated-light-medium (.spectrum-CSSExample-example.__n7) component"/>
      <error message="Design deviation ›› typography-deprecated-light-medium (.spectrum-CSSExample-example.__n7) component"/>
    </testcase>
    <testcase classname=".spectrum-CSSExample-example.__n8" name=" ›› typography-deprecated-light-medium">
      <failure message="Design deviation ›› typography-deprecated-light-medium (.spectrum-CSSExample-example.__n8) component"/>
      <error message="Design deviation ›› typography-deprecated-light-medium (.spectrum-CSSExample-example.__n8) component"/>
    </testcase>
    <testcase classname=".spectrum-CSSExample-example.__n9" name=" ›› typography-deprecated-light-medium">
      <failure message="Design deviation ›› typography-deprecated-light-medium (.spectrum-CSSExample-example.__n9) component"/>
      <error message="Design deviation ›› typography-deprecated-light-medium (.spectrum-CSSExample-example.__n9) component"/>
    </testcase>
    <testcase classname=".spectrum-CSSExample-example" name=" ›› typography-detail-light-medium"/>
    <testcase classname=".spectrum-CSSExample-example" name=" ›› typography-heading-light-medium"/>
    <testcase classname=".spectrum-CSSExample-example.__n1" name=" ›› typography-heading-light-medium"/>
    <testcase classname=".spectrum-CSSExample-example.__n2" name=" ›› typography-heading-light-medium"/>
    <testcase classname=".spectrum-CSSExample-example.__n3" name=" ›› typography-heading-light-medium"/>
    <testcase classname=".spectrum-CSSExample-example" name=" ›› typography-international-light-medium"/>
    <testcase classname=".spectrum-CSSExample-example.__n1" name=" ›› typography-international-light-medium"/>
    <testcase classname=".spectrum-CSSExample-example.__n2" name=" ›› typography-international-light-medium"/>
    <testcase classname=".spectrum-CSSExample-example.__n3" name=" ›› typography-international-light-medium"/>
    <testcase classname=".spectrum-CSSExample-example.__n4" name=" ›› typography-international-light-medium"/>
    <testcase classname=".spectrum-CSSExample-example.__n5" name=" ›› typography-international-light-medium"/>
    <testcase classname=".spectrum-CSSExample-example.__n6" name=" ›› typography-international-light-medium"/>
    <testcase classname=".spectrum-CSSExample-example.__n7" name=" ›› typography-international-light-medium"/>
    <testcase classname=".spectrum-CSSExample-example" name=" ›› typography-international-deprecated-light-medium"/>
    <testcase classname=".spectrum-CSSExample-example.__n1" name=" ›› typography-international-deprecated-light-medium"/>
    <testcase classname=".spectrum-CSSExample-example.__n2" name=" ›› typography-international-deprecated-light-medium"/>
    <testcase classname=".spectrum-CSSExample-example.__n3" name=" ›› typography-international-deprecated-light-medium"/>
    <testcase classname=".spectrum-CSSExample-example.__n4" name=" ›› typography-international-deprecated-light-medium"/>
    <testcase classname=".spectrum-CSSExample-example.__n5" name=" ›› typography-international-deprecated-light-medium"/>
    <testcase classname=".spectrum-CSSExample-example.__n6" name=" ›› typography-international-deprecated-light-medium"/>
    <testcase classname=".spectrum-CSSExample-example.__n7" name=" ›› typography-international-deprecated-light-medium"/>
    <testcase classname=".spectrum-CSSExample-example.__n8" name=" ›› typography-international-deprecated-light-medium"/>
    <testcase classname=".spectrum-CSSExample-example.__n9" name=" ›› typography-international-deprecated-light-medium"/>
    <testcase classname=".spectrum-CSSExample-example.__n10" name=" ›› typography-international-deprecated-light-medium"/>
    <testcase classname=".spectrum-CSSExample-example" name=" ›› typography-legacy-light-medium"/>
    <testcase classname=".spectrum-CSSExample-example" name=" ›› well-light-medium"/>
    <testcase classname=".spectrum-CSSExample-example" name=" ›› wrapping-light-medium">
      <failure message="Design deviation ›› wrapping-light-medium (.spectrum-CSSExample-example) component"/>
      <error message="Design deviation ›› wrapping-light-medium (.spectrum-CSSExample-example) component"/>
    </testcase>
    <testcase classname=".spectrum-CSSExample-example.__n1" name=" ›› wrapping-light-medium">
      <failure message="Design deviation ›› wrapping-light-medium (.spectrum-CSSExample-example.__n1) component"/>
      <error message="Design deviation ›› wrapping-light-medium (.spectrum-CSSExample-example.__n1) component"/>
    </testcase>
    <testcase classname=".spectrum-CSSExample-example.__n2" name=" ›› wrapping-light-medium">
      <failure message="Design deviation ›› wrapping-light-medium (.spectrum-CSSExample-example.__n2) component"/>
      <error message="Design deviation ›› wrapping-light-medium (.spectrum-CSSExample-example.__n2) component"/>
    </testcase>
    <testcase classname=".spectrum-CSSExample-example.__n3" name=" ›› wrapping-light-medium">
      <failure message="Design deviation ›› wrapping-light-medium (.spectrum-CSSExample-example.__n3) component"/>
      <error message="Design deviation ›› wrapping-light-medium (.spectrum-CSSExample-example.__n3) component"/>
    </testcase>
    <testcase classname=".spectrum-CSSExample-example.__n4" name=" ›› wrapping-light-medium">
      <failure message="Design deviation ›› wrapping-light-medium (.spectrum-CSSExample-example.__n4) component"/>
      <error message="Design deviation ›› wrapping-light-medium (.spectrum-CSSExample-example.__n4) component"/>
    </testcase>
    <testcase classname=".spectrum-CSSExample-example.__n5" name=" ›› wrapping-light-medium">
      <failure message="Design deviation ›› wrapping-light-medium (.spectrum-CSSExample-example.__n5) component"/>
      <error message="Design deviation ›› wrapping-light-medium (.spectrum-CSSExample-example.__n5) component"/>
    </testcase>
    <testcase classname=".spectrum-CSSExample-example.__n6" name=" ›› wrapping-light-medium">
      <failure message="Design deviation ›› wrapping-light-medium (.spectrum-CSSExample-example.__n6) component"/>
      <error message="Design deviation ›› wrapping-light-medium (.spectrum-CSSExample-example.__n6) component"/>
    </testcase>
    <testcase classname=".spectrum-CSSExample-example.__n7" name=" ›› wrapping-light-medium">
      <failure message="Design deviation ›› wrapping-light-medium (.spectrum-CSSExample-example.__n7) component"/>
      <error message="Design deviation ›› wrapping-light-medium (.spectrum-CSSExample-example.__n7) component"/>
    </testcase>
    <testcase classname=".spectrum-CSSExample-example.__n8" name=" ›› wrapping-light-medium">
      <failure message="Design deviation ›› wrapping-light-medium (.spectrum-CSSExample-example.__n8) component"/>
      <error message="Design deviation ›› wrapping-light-medium (.spectrum-CSSExample-example.__n8) component"/>
    </testcase>
    <testcase classname=".spectrum-CSSExample-example.__n9" name=" ›› wrapping-light-medium">
      <failure message="Design deviation ›› wrapping-light-medium (.spectrum-CSSExample-example.__n9) component"/>
      <error message="Design deviation ›› wrapping-light-medium (.spectrum-CSSExample-example.__n9) component"/>
    </testcase>
    <testcase classname=".spectrum-CSSExample-example.__n10" name=" ›› wrapping-light-medium">
      <failure message="Design deviation ›› wrapping-light-medium (.spectrum-CSSExample-example.__n10) component"/>
      <error message="Design deviation ›› wrapping-light-medium (.spectrum-CSSExample-example.__n10) component"/>
    </testcase>
    <testcase classname=".spectrum-CSSExample-example.__n11" name=" ›› wrapping-light-medium">
      <failure message="Design deviation ›› wrapping-light-medium (.spectrum-CSSExample-example.__n11) component"/>
      <error message="Design deviation ›› wrapping-light-medium (.spectrum-CSSExample-example.__n11) component"/>
    </testcase>
    <testcase classname=".spectrum-CSSExample-example.__n12" name=" ›› wrapping-light-medium">
      <failure message="Design deviation ›› wrapping-light-medium (.spectrum-CSSExample-example.__n12) component"/>
      <error message="Design deviation ›› wrapping-light-medium (.spectrum-CSSExample-example.__n12) component"/>
    </testcase>
    <testcase classname=".spectrum-CSSExample-example.__n13" name=" ›› wrapping-light-medium">
      <failure message="Design deviation ›› wrapping-light-medium (.spectrum-CSSExample-example.__n13) component"/>
      <error message="Design deviation ›› wrapping-light-medium (.spectrum-CSSExample-example.__n13) component"/>
    </testcase>
    <testcase classname=".spectrum-CSSExample-example.__n14" name=" ›› wrapping-light-medium">
      <failure message="Design deviation ›› wrapping-light-medium (.spectrum-CSSExample-example.__n14) component"/>
      <error message="Design deviation ›› wrapping-light-medium (.spectrum-CSSExample-example.__n14) component"/>
    </testcase>
    <testcase classname=".spectrum-CSSExample-example.__n15" name=" ›› wrapping-light-medium">
      <failure message="Design deviation ›› wrapping-light-medium (.spectrum-CSSExample-example.__n15) component"/>
      <error message="Design deviation ›› wrapping-light-medium (.spectrum-CSSExample-example.__n15) component"/>
    </testcase>
    <testcase classname=".spectrum-CSSExample-example.__n16" name=" ›› wrapping-light-medium">
      <failure message="Design deviation ›› wrapping-light-medium (.spectrum-CSSExample-example.__n16) component"/>
      <error message="Design deviation ›› wrapping-light-medium (.spectrum-CSSExample-example.__n16) component"/>
    </testcase>
    <testcase classname=".spectrum-CSSExample-example.__n17" name=" ›› wrapping-light-medium">
      <failure message="Design deviation ›› wrapping-light-medium (.spectrum-CSSExample-example.__n17) component"/>
      <error message="Design deviation ›› wrapping-light-medium (.spectrum-CSSExample-example.__n17) component"/>
    </testcase>
    <testcase classname=".spectrum-CSSExample-example.__n18" name=" ›› wrapping-light-medium">
      <failure message="Design deviation ›› wrapping-light-medium (.spectrum-CSSExample-example.__n18) component"/>
      <error message="Design deviation ›› wrapping-light-medium (.spectrum-CSSExample-example.__n18) component"/>
    </testcase>
    <testcase classname=".spectrum-CSSExample-example.__n19" name=" ›› wrapping-light-medium">
      <failure message="Design deviation ›› wrapping-light-medium (.spectrum-CSSExample-example.__n19) component"/>
      <error message="Design deviation ›› wrapping-light-medium (.spectrum-CSSExample-example.__n19) component"/>
    </testcase>
    <testcase classname=".spectrum-CSSExample-example.__n20" name=" ›› wrapping-light-medium">
      <failure message="Design deviation ›› wrapping-light-medium (.spectrum-CSSExample-example.__n20) component"/>
      <error message="Design deviation ›› wrapping-light-medium (.spectrum-CSSExample-example.__n20) component"/>
    </testcase>
  </testsuite>
</testsuites>