<?xml version="1.0" encoding="UTF-8"?>
<testsuites>
  <testsuite name="BackstopJS" tests="82" failures="82" errors="82" skipped="0">
    <testcase classname=".spectrum-CSSExample-example" name=" ›› accordion-light-medium">
      <failure message="Design deviation ›› accordion-light-medium (.spectrum-CSSExample-example) component"/>
      <error message="Design deviation ›› accordion-light-medium (.spectrum-CSSExample-example) component"/>
    </testcase>
    <testcase classname=".spectrum-CSSExample-example" name=" ›› actionbar-light-medium">
      <failure message="Design deviation ›› actionbar-light-medium (.spectrum-CSSExample-example) component"/>
      <error message="Design deviation ›› actionbar-light-medium (.spectrum-CSSExample-example) component"/>
    </testcase>
    <testcase classname=".spectrum-CSSExample-example" name=" ›› actionbutton-light-medium">
      <failure message="Design deviation ›› actionbutton-light-medium (.spectrum-CSSExample-example) component"/>
      <error message="Design deviation ›› actionbutton-light-medium (.spectrum-CSSExample-example) component"/>
    </testcase>
    <testcase classname=".spectrum-CSSExample-example" name=" ›› actionmenu-light-medium">
      <failure message="Design deviation ›› actionmenu-light-medium (.spectrum-CSSExample-example) component"/>
      <error message="Design deviation ›› actionmenu-light-medium (.spectrum-CSSExample-example) component"/>
    </testcase>
    <testcase classname=".spectrum-CSSExample-example" name=" ›› alert-light-medium">
      <failure message="Design deviation ›› alert-light-medium (.spectrum-CSSExample-example) component"/>
      <error message="Design deviation ›› alert-light-medium (.spectrum-CSSExample-example) component"/>
    </testcase>
    <testcase classname=".spectrum-CSSExample-example" name=" ›› asset-light-medium">
      <failure message="Design deviation ›› asset-light-medium (.spectrum-CSSExample-example) component"/>
      <error message="Design deviation ›› asset-light-medium (.spectrum-CSSExample-example) component"/>
    </testcase>
    <testcase classname=".spectrum-CSSExample-example" name=" ›› assetlist-light-medium">
      <failure message="Design deviation ›› assetlist-light-medium (.spectrum-CSSExample-example) component"/>
      <error message="Design deviation ›› assetlist-light-medium (.spectrum-CSSExample-example) component"/>
    </testcase>
    <testcase classname=".spectrum-CSSExample-example" name=" ›› avatar-light-medium">
      <failure message="Design deviation ›› avatar-light-medium (.spectrum-CSSExample-example) component"/>
      <error message="Design deviation ›› avatar-light-medium (.spectrum-CSSExample-example) component"/>
    </testcase>
    <testcase classname=".spectrum-CSSExample-example" name=" ›› banner-light-medium">
      <failure message="Design deviation ›› banner-light-medium (.spectrum-CSSExample-example) component"/>
      <error message="Design deviation ›› banner-light-medium (.spectrum-CSSExample-example) component"/>
    </testcase>
    <testcase classname=".spectrum-CSSExample-example" name=" ›› barloader-light-medium">
      <failure message="Design deviation ›› barloader-light-medium (.spectrum-CSSExample-example) component"/>
      <error message="Design deviation ›› barloader-light-medium (.spectrum-CSSExample-example) component"/>
    </testcase>
    <testcase classname=".spectrum-CSSExample-example" name=" ›› breadcrumb-light-medium">
      <failure message="Design deviation ›› breadcrumb-light-medium (.spectrum-CSSExample-example) component"/>
      <error message="Design deviation ›› breadcrumb-light-medium (.spectrum-CSSExample-example) component"/>
    </testcase>
    <testcase classname=".spectrum-CSSExample-example" name=" ›› button-cta-light-medium">
      <failure message="Design deviation ›› button-cta-light-medium (.spectrum-CSSExample-example) component"/>
      <error message="Design deviation ›› button-cta-light-medium (.spectrum-CSSExample-example) component"/>
    </testcase>
    <testcase classname=".spectrum-CSSExample-example" name=" ›› button-over-background-light-medium">
      <failure message="Design deviation ›› button-over-background-light-medium (.spectrum-CSSExample-example) component"/>
      <error message="Design deviation ›› button-over-background-light-medium (.spectrum-CSSExample-example) component"/>
    </testcase>
    <testcase classname=".spectrum-CSSExample-example" name=" ›› button-primary-light-medium">
      <failure message="Design deviation ›› button-primary-light-medium (.spectrum-CSSExample-example) component"/>
      <error message="Design deviation ›› button-primary-light-medium (.spectrum-CSSExample-example) component"/>
    </testcase>
    <testcase classname=".spectrum-CSSExample-example" name=" ›› button-secondary-light-medium">
      <failure message="Design deviation ›› button-secondary-light-medium (.spectrum-CSSExample-example) component"/>
      <error message="Design deviation ›› button-secondary-light-medium (.spectrum-CSSExample-example) component"/>
    </testcase>
    <testcase classname=".spectrum-CSSExample-example" name=" ›› button-warning-light-medium">
      <failure message="Design deviation ›› button-warning-light-medium (.spectrum-CSSExample-example) component"/>
      <error message="Design deviation ›› button-warning-light-medium (.spectrum-CSSExample-example) component"/>
    </testcase>
    <testcase classname=".spectrum-CSSExample-example" name=" ›› buttongroup-light-medium">
      <failure message="Design deviation ›› buttongroup-light-medium (.spectrum-CSSExample-example) component"/>
      <error message="Design deviation ›› buttongroup-light-medium (.spectrum-CSSExample-example) component"/>
    </testcase>
    <testcase classname=".spectrum-CSSExample-example" name=" ›› calendar-light-medium">
      <failure message="Design deviation ›› calendar-light-medium (.spectrum-CSSExample-example) component"/>
      <error message="Design deviation ›› calendar-light-medium (.spectrum-CSSExample-example) component"/>
    </testcase>
    <testcase classname=".spectrum-CSSExample-example" name=" ›› card-light-medium">
      <failure message="Design deviation ›› card-light-medium (.spectrum-CSSExample-example) component"/>
      <error message="Design deviation ›› card-light-medium (.spectrum-CSSExample-example) component"/>
    </testcase>
    <testcase classname=".spectrum-CSSExample-example" name=" ›› card-asset-light-medium">
      <failure message="Design deviation ›› card-asset-light-medium (.spectrum-CSSExample-example) component"/>
      <error message="Design deviation ›› card-asset-light-medium (.spectrum-CSSExample-example) component"/>
    </testcase>
    <testcase classname=".spectrum-CSSExample-example" name=" ›› card-gallery-light-medium">
      <failure message="Design deviation ›› card-gallery-light-medium (.spectrum-CSSExample-example) component"/>
      <error message="Design deviation ›› card-gallery-light-medium (.spectrum-CSSExample-example) component"/>
    </testcase>
    <testcase classname=".spectrum-CSSExample-example" name=" ›› checkbox-light-medium">
      <failure message="Design deviation ›› checkbox-light-medium (.spectrum-CSSExample-example) component"/>
      <error message="Design deviation ›› checkbox-light-medium (.spectrum-CSSExample-example) component"/>
    </testcase>
    <testcase classname=".spectrum-CSSExample-example" name=" ›› clearbutton-light-medium">
      <failure message="Design deviation ›› clearbutton-light-medium (.spectrum-CSSExample-example) component"/>
      <error message="Design deviation ›› clearbutton-light-medium (.spectrum-CSSExample-example) component"/>
    </testcase>
    <testcase classname=".spectrum-CSSExample-example" name=" ›› combobox-light-medium">
      <failure message="Design deviation ›› combobox-light-medium (.spectrum-CSSExample-example) component"/>
      <error message="Design deviation ›› combobox-light-medium (.spectrum-CSSExample-example) component"/>
    </testcase>
    <testcase classname=".spectrum-CSSExample-example" name=" ›› cyclebutton-light-medium">
      <failure message="Design deviation ›› cyclebutton-light-medium (.spectrum-CSSExample-example) component"/>
      <error message="Design deviation ›› cyclebutton-light-medium (.spectrum-CSSExample-example) component"/>
    </testcase>
    <testcase classname=".spectrum-CSSExample-example" name=" ›› datepicker-light-medium">
      <failure message="Design deviation ›› datepicker-light-medium (.spectrum-CSSExample-example) component"/>
      <error message="Design deviation ›› datepicker-light-medium (.spectrum-CSSExample-example) component"/>
    </testcase>
    <testcase classname=".spectrum-CSSExample-example" name=" ›› decoratedtextfield-light-medium">
      <failure message="Design deviation ›› decoratedtextfield-light-medium (.spectrum-CSSExample-example) component"/>
      <error message="Design deviation ›› decoratedtextfield-light-medium (.spectrum-CSSExample-example) component"/>
    </testcase>
    <testcase classname=".spectrum-CSSExample-example" name=" ›› dial-light-medium">
      <failure message="Design deviation ›› dial-light-medium (.spectrum-CSSExample-example) component"/>
      <error message="Design deviation ›› dial-light-medium (.spectrum-CSSExample-example) component"/>
    </testcase>
    <testcase classname=".spectrum-CSSExample-example" name=" ›› dialog-light-medium">
      <failure message="Design deviation ›› dialog-light-medium (.spectrum-CSSExample-example) component"/>
      <error message="Design deviation ›› dialog-light-medium (.spectrum-CSSExample-example) component"/>
    </testcase>
    <testcase classname=".spectrum-CSSExample-example" name=" ›› dropdown-light-medium">
      <failure message="Design deviation ›› dropdown-light-medium (.spectrum-CSSExample-example) component"/>
      <error message="Design deviation ›› dropdown-light-medium (.spectrum-CSSExample-example) component"/>
    </testcase>
    <testcase classname=".spectrum-CSSExample-example" name=" ›› dropindicator-light-medium">
      <failure message="Design deviation ›› dropindicator-light-medium (.spectrum-CSSExample-example) component"/>
      <error message="Design deviation ›› dropindicator-light-medium (.spectrum-CSSExample-example) component"/>
    </testcase>
    <testcase classname=".spectrum-CSSExample-example" name=" ›› dropzone-light-medium">
      <failure message="Design deviation ›› dropzone-light-medium (.spectrum-CSSExample-example) component"/>
      <error message="Design deviation ›› dropzone-light-medium (.spectrum-CSSExample-example) component"/>
    </testcase>
    <testcase classname=".spectrum-CSSExample-example" name=" ›› fieldgroup-light-medium">
      <failure message="Design deviation ›› fieldgroup-light-medium (.spectrum-CSSExample-example) component"/>
      <error message="Design deviation ›› fieldgroup-light-medium (.spectrum-CSSExample-example) component"/>
    </testcase>
    <testcase classname=".spectrum-CSSExample-example" name=" ›› fieldlabel-light-medium">
      <failure message="Design deviation ›› fieldlabel-light-medium (.spectrum-CSSExample-example) component"/>
      <error message="Design deviation ›› fieldlabel-light-medium (.spectrum-CSSExample-example) component"/>
    </testcase>
    <testcase classname=".spectrum-CSSExample-example" name=" ›› form-light-medium">
      <failure message="Design deviation ›› form-light-medium (.spectrum-CSSExample-example) component"/>
      <error message="Design deviation ›› form-light-medium (.spectrum-CSSExample-example) component"/>
    </testcase>
    <testcase classname=".spectrum-CSSExample-example" name=" ›› illustratedmessage-light-medium">
      <failure message="Design deviation ›› illustratedmessage-light-medium (.spectrum-CSSExample-example) component"/>
      <error message="Design deviation ›› illustratedmessage-light-medium (.spectrum-CSSExample-example) component"/>
    </testcase>
    <testcase classname=".spectrum-CSSExample-example" name=" ›› label-light-medium">
      <failure message="Design deviation ›› label-light-medium (.spectrum-CSSExample-example) component"/>
      <error message="Design deviation ›› label-light-medium (.spectrum-CSSExample-example) component"/>
    </testcase>
    <testcase classname=".spectrum-CSSExample-example" name=" ›› link-light-medium">
      <failure message="Design deviation ›› link-light-medium (.spectrum-CSSExample-example) component"/>
      <error message="Design deviation ›› link-light-medium (.spectrum-CSSExample-example) component"/>
    </testcase>
    <testcase classname=".spectrum-CSSExample-example" name=" ›› logicbutton-light-medium">
      <failure message="Design deviation ›› logicbutton-light-medium (.spectrum-CSSExample-example) component"/>
      <error message="Design deviation ›› logicbutton-light-medium (.spectrum-CSSExample-example) component"/>
    </testcase>
    <testcase classname=".spectrum-CSSExample-example" name=" ›› menu-light-medium">
      <failure message="Design deviation ›› menu-light-medium (.spectrum-CSSExample-example) component"/>
      <error message="Design deviation ›› menu-light-medium (.spectrum-CSSExample-example) component"/>
    </testcase>
    <testcase classname=".spectrum-CSSExample-example" name=" ›› meter-light-medium">
      <failure message="Design deviation ›› meter-light-medium (.spectrum-CSSExample-example) component"/>
      <error message="Design deviation ›› meter-light-medium (.spectrum-CSSExample-example) component"/>
    </testcase>
    <testcase classname=".spectrum-CSSExample-example" name=" ›› miller-light-medium">
      <failure message="Design deviation ›› miller-light-medium (.spectrum-CSSExample-example) component"/>
      <error message="Design deviation ›› miller-light-medium (.spectrum-CSSExample-example) component"/>
    </testcase>
    <testcase classname=".spectrum-CSSExample-example" name=" ›› page-light-medium">
      <failure message="Design deviation ›› page-light-medium (.spectrum-CSSExample-example) component"/>
      <error message="Design deviation ›› page-light-medium (.spectrum-CSSExample-example) component"/>
    </testcase>
    <testcase classname=".spectrum-CSSExample-example" name=" ›› pagination-button-style-light-medium">
      <failure message="Design deviation ›› pagination-button-style-light-medium (.spectrum-CSSExample-example) component"/>
      <error message="Design deviation ›› pagination-button-style-light-medium (.spectrum-CSSExample-example) component"/>
    </testcase>
    <testcase classname=".spectrum-CSSExample-example" name=" ›› pagination-explicit-light-medium">
      <failure message="Design deviation ›› pagination-explicit-light-medium (.spectrum-CSSExample-example) component"/>
      <error message="Design deviation ›› pagination-explicit-light-medium (.spectrum-CSSExample-example) component"/>
    </testcase>
    <testcase classname=".spectrum-CSSExample-example" name=" ›› pagination-listing-light-medium">
      <failure message="Design deviation ›› pagination-listing-light-medium (.spectrum-CSSExample-example) component"/>
      <error message="Design deviation ›› pagination-listing-light-medium (.spectrum-CSSExample-example) component"/>
    </testcase>
    <testcase classname=".spectrum-CSSExample-example" name=" ›› popover-light-medium">
      <failure message="Design deviation ›› popover-light-medium (.spectrum-CSSExample-example) component"/>
      <error message="Design deviation ›› popover-light-medium (.spectrum-CSSExample-example) component"/>
    </testcase>
    <testcase classname=".spectrum-CSSExample-example" name=" ›› quickaction-light-medium">
      <failure message="Design deviation ›› quickaction-light-medium (.spectrum-CSSExample-example) component"/>
      <error message="Design deviation ›› quickaction-light-medium (.spectrum-CSSExample-example) component"/>
    </testcase>
    <testcase classname=".spectrum-CSSExample-example" name=" ›› radio-light-medium">
      <failure message="Design deviation ›› radio-light-medium (.spectrum-CSSExample-example) component"/>
      <error message="Design deviation ›› radio-light-medium (.spectrum-CSSExample-example) component"/>
    </testcase>
    <testcase classname=".spectrum-CSSExample-example" name=" ›› rating-light-medium">
      <failure message="Design deviation ›› rating-light-medium (.spectrum-CSSExample-example) component"/>
      <error message="Design deviation ›› rating-light-medium (.spectrum-CSSExample-example) component"/>
    </testcase>
    <testcase classname=".spectrum-CSSExample-example" name=" ›› rule-light-medium">
      <failure message="Design deviation ›› rule-light-medium (.spectrum-CSSExample-example) component"/>
      <error message="Design deviation ›› rule-light-medium (.spectrum-CSSExample-example) component"/>
    </testcase>
    <testcase classname=".spectrum-CSSExample-example" name=" ›› search-light-medium">
      <failure message="Design deviation ›› search-light-medium (.spectrum-CSSExample-example) component"/>
      <error message="Design deviation ›› search-light-medium (.spectrum-CSSExample-example) component"/>
    </testcase>
    <testcase classname=".spectrum-CSSExample-example" name=" ›› searchwithin-light-medium">
      <failure message="Design deviation ›› searchwithin-light-medium (.spectrum-CSSExample-example) component"/>
      <error message="Design deviation ›› searchwithin-light-medium (.spectrum-CSSExample-example) component"/>
    </testcase>
    <testcase classname=".spectrum-CSSExample-example" name=" ›› sidenav-light-medium">
      <failure message="Design deviation ›› sidenav-light-medium (.spectrum-CSSExample-example) component"/>
      <error message="Design deviation ›› sidenav-light-medium (.spectrum-CSSExample-example) component"/>
    </testcase>
    <testcase classname=".spectrum-CSSExample-example" name=" ›› slider-light-medium">
      <failure message="Design deviation ›› slider-light-medium (.spectrum-CSSExample-example) component"/>
      <error message="Design deviation ›› slider-light-medium (.spectrum-CSSExample-example) component"/>
    </testcase>
    <testcase classname=".spectrum-CSSExample-example" name=" ›› splitbutton-light-medium">
      <failure message="Design deviation ›› splitbutton-light-medium (.spectrum-CSSExample-example) component"/>
      <error message="Design deviation ›› splitbutton-light-medium (.spectrum-CSSExample-example) component"/>
    </testcase>
    <testcase classname=".spectrum-CSSExample-example" name=" ›› splitview-light-medium">
      <failure message="Design deviation ›› splitview-light-medium (.spectrum-CSSExample-example) component"/>
      <error message="Design deviation ›› splitview-light-medium (.spectrum-CSSExample-example) component"/>
    </testcase>
    <testcase classname=".spectrum-CSSExample-example" name=" ›› statuslight-light-medium">
      <failure message="Design deviation ›› statuslight-light-medium (.spectrum-CSSExample-example) component"/>
      <error message="Design deviation ›› statuslight-light-medium (.spectrum-CSSExample-example) component"/>
    </testcase>
    <testcase classname=".spectrum-CSSExample-example" name=" ›› steplist-light-medium">
      <failure message="Design deviation ›› steplist-light-medium (.spectrum-CSSExample-example) component"/>
      <error message="Design deviation ›› steplist-light-medium (.spectrum-CSSExample-example) component"/>
    </testcase>
    <testcase classname=".spectrum-CSSExample-example" name=" ›› stepper-light-medium">
      <failure message="Design deviation ›› stepper-light-medium (.spectrum-CSSExample-example) component"/>
      <error message="Design deviation ›› stepper-light-medium (.spectrum-CSSExample-example) component"/>
    </testcase>
    <testcase classname=".spectrum-CSSExample-example" name=" ›› table-light-medium">
      <failure message="Design deviation ›› table-light-medium (.spectrum-CSSExample-example) component"/>
      <error message="Design deviation ›› table-light-medium (.spectrum-CSSExample-example) component"/>
    </testcase>
    <testcase classname=".spectrum-CSSExample-example" name=" ›› tabs-light-medium">
      <failure message="Design deviation ›› tabs-light-medium (.spectrum-CSSExample-example) component"/>
      <error message="Design deviation ›› tabs-light-medium (.spectrum-CSSExample-example) component"/>
    </testcase>
    <testcase classname=".spectrum-CSSExample-example" name=" ›› tags-light-medium">
      <failure message="Design deviation ›› tags-light-medium (.spectrum-CSSExample-example) component"/>
      <error message="Design deviation ›› tags-light-medium (.spectrum-CSSExample-example) component"/>
    </testcase>
    <testcase classname=".spectrum-CSSExample-example" name=" ›› textarea-light-medium">
      <failure message="Design deviation ›› textarea-light-medium (.spectrum-CSSExample-example) component"/>
      <error message="Design deviation ›› textarea-light-medium (.spectrum-CSSExample-example) component"/>
    </testcase>
    <testcase classname=".spectrum-CSSExample-example" name=" ›› textfield-light-medium">
      <failure message="Design deviation ›› textfield-light-medium (.spectrum-CSSExample-example) component"/>
      <error message="Design deviation ›› textfield-light-medium (.spectrum-CSSExample-example) component"/>
    </testcase>
    <testcase classname=".spectrum-CSSExample-example" name=" ›› toast-light-medium">
      <failure message="Design deviation ›› toast-light-medium (.spectrum-CSSExample-example) component"/>
      <error message="Design deviation ›› toast-light-medium (.spectrum-CSSExample-example) component"/>
    </testcase>
    <testcase classname=".spectrum-CSSExample-example" name=" ›› toggle-light-medium">
      <failure message="Design deviation ›› toggle-light-medium (.spectrum-CSSExample-example) component"/>
      <error message="Design deviation ›› toggle-light-medium (.spectrum-CSSExample-example) component"/>
    </testcase>
    <testcase classname=".spectrum-CSSExample-example" name=" ›› tool-light-medium">
      <failure message="Design deviation ›› tool-light-medium (.spectrum-CSSExample-example) component"/>
      <error message="Design deviation ›› tool-light-medium (.spectrum-CSSExample-example) component"/>
    </testcase>
    <testcase classname=".spectrum-CSSExample-example" name=" ›› tooltip-light-medium">
      <failure message="Design deviation ›› tooltip-light-medium (.spectrum-CSSExample-example) component"/>
      <error message="Design deviation ›› tooltip-light-medium (.spectrum-CSSExample-example) component"/>
    </testcase>
    <testcase classname=".spectrum-CSSExample-example" name=" ›› treeview-light-medium">
      <failure message="Design deviation ›› treeview-light-medium (.spectrum-CSSExample-example) component"/>
      <error message="Design deviation ›› treeview-light-medium (.spectrum-CSSExample-example) component"/>
    </testcase>
    <testcase classname=".spectrum-CSSExample-example" name=" ›› truncation-light-medium">
      <failure message="Design deviation ›› truncation-light-medium (.spectrum-CSSExample-example) component"/>
      <error message="Design deviation ›› truncation-light-medium (.spectrum-CSSExample-example) component"/>
    </testcase>
    <testcase classname=".spectrum-CSSExample-example" name=" ›› typography-light-medium">
      <failure message="Design deviation ›› typography-light-medium (.spectrum-CSSExample-example) component"/>
      <error message="Design deviation ›› typography-light-medium (.spectrum-CSSExample-example) component"/>
    </testcase>
    <testcase classname=".spectrum-CSSExample-example" name=" ›› typography-body-light-medium">
      <failure message="Design deviation ›› typography-body-light-medium (.spectrum-CSSExample-example) component"/>
      <error message="Design deviation ›› typography-body-light-medium (.spectrum-CSSExample-example) component"/>
    </testcase>
    <testcase classname=".spectrum-CSSExample-example" name=" ›› typography-code-light-medium">
      <failure message="Design deviation ›› typography-code-light-medium (.spectrum-CSSExample-example) component"/>
      <error message="Design deviation ›› typography-code-light-medium (.spectrum-CSSExample-example) component"/>
    </testcase>
    <testcase classname=".spectrum-CSSExample-example" name=" ›› typography-deprecated-light-medium">
      <failure message="Design deviation ›› typography-deprecated-light-medium (.spectrum-CSSExample-example) component"/>
      <error message="Design deviation ›› typography-deprecated-light-medium (.spectrum-CSSExample-example) component"/>
    </testcase>
    <testcase classname=".spectrum-CSSExample-example" name=" ›› typography-detail-light-medium">
      <failure message="Design deviation ›› typography-detail-light-medium (.spectrum-CSSExample-example) component"/>
      <error message="Design deviation ›› typography-detail-light-medium (.spectrum-CSSExample-example) component"/>
    </testcase>
    <testcase classname=".spectrum-CSSExample-example" name=" ›› typography-heading-light-medium">
      <failure message="Design deviation ›› typography-heading-light-medium (.spectrum-CSSExample-example) component"/>
      <error message="Design deviation ›› typography-heading-light-medium (.spectrum-CSSExample-example) component"/>
    </testcase>
    <testcase classname=".spectrum-CSSExample-example" name=" ›› typography-international-light-medium">
      <failure message="Design deviation ›› typography-international-light-medium (.spectrum-CSSExample-example) component"/>
      <error message="Design deviation ›› typography-international-light-medium (.spectrum-CSSExample-example) component"/>
    </testcase>
    <testcase classname=".spectrum-CSSExample-example" name=" ›› typography-international-deprecated-light-medium">
      <failure message="Design deviation ›› typography-international-deprecated-light-medium (.spectrum-CSSExample-example) component"/>
      <error message="Design deviation ›› typography-international-deprecated-light-medium (.spectrum-CSSExample-example) component"/>
    </testcase>
    <testcase classname=".spectrum-CSSExample-example" name=" ›› typography-legacy-light-medium">
      <failure message="Design deviation ›› typography-legacy-light-medium (.spectrum-CSSExample-example) component"/>
      <error message="Design deviation ›› typography-legacy-light-medium (.spectrum-CSSExample-example) component"/>
    </testcase>
    <testcase classname=".spectrum-CSSExample-example" name=" ›› well-light-medium">
      <failure message="Design deviation ›› well-light-medium (.spectrum-CSSExample-example) component"/>
      <error message="Design deviation ›› well-light-medium (.spectrum-CSSExample-example) component"/>
    </testcase>
    <testcase classname=".spectrum-CSSExample-example" name=" ›› wrapping-light-medium">
      <failure message="Design deviation ›› wrapping-light-medium (.spectrum-CSSExample-example) component"/>
      <error message="Design deviation ›› wrapping-light-medium (.spectrum-CSSExample-example) component"/>
    </testcase>
  </testsuite>
</testsuites>